<?xml version="1.0" encoding="UTF-8"?>
<!-- Generated by org.testng.reporters.JUnitReportReporter -->
<testsuite skipped="0" hostname="DESKTOP-JCEGEB0" name="com.finexus.tests.TestCuraHealth6" tests="1" failures="0" timestamp="2020-01-13T11:05:48 PKT" time="8.717" errors="0">
  <testcase name="testCuraHealth6" time="8.717" classname="com.finexus.tests.TestCuraHealth6"/>
</testsuite> <!-- com.finexus.tests.TestCuraHealth6 -->
