<?xml version="1.0" encoding="UTF-8"?>
<!-- Generated by org.testng.reporters.JUnitReportReporter -->
<testsuite skipped="0" hostname="DESKTOP-JCEGEB0" name="com.finexus.tests.TestDemo2" tests="3" failures="0" timestamp="2020-01-13T11:05:48 PKT" time="0.004" errors="0">
  <testcase name="sum" time="0.001" classname="com.finexus.tests.TestDemo2"/>
  <testcase name="sub" time="0.002" classname="com.finexus.tests.TestDemo2"/>
  <testcase name="mul" time="0.001" classname="com.finexus.tests.TestDemo2"/>
</testsuite> <!-- com.finexus.tests.TestDemo2 -->
