<?xml version="1.0" encoding="UTF-8"?>
<!-- Generated by org.testng.reporters.JUnitReportReporter -->
<testsuite skipped="0" hostname="DESKTOP-JCEGEB0" name="com.finexus.tests.TestCuraHealth6" tests="1" failures="0" timestamp="2019-11-30T16:38:50 PKT" time="7.601" errors="0">
  <testcase name="testCuraHealth6" time="7.601" classname="com.finexus.tests.TestCuraHealth6"/>
</testsuite> <!-- com.finexus.tests.TestCuraHealth6 -->
