<?xml version="1.0" encoding="UTF-8"?>
<!-- Generated by org.testng.reporters.JUnitReportReporter -->
<testsuite skipped="0" hostname="DESKTOP-JCEGEB0" name="com.finexus.tests.TestDemo" tests="3" failures="0" timestamp="2019-11-30T16:38:50 PKT" time="0.003" errors="0">
  <testcase name="sum" time="0.000" classname="com.finexus.tests.TestDemo"/>
  <testcase name="sub" time="0.000" classname="com.finexus.tests.TestDemo"/>
  <testcase name="mul" time="0.003" classname="com.finexus.tests.TestDemo"/>
</testsuite> <!-- com.finexus.tests.TestDemo -->
