<?xml version="1.0" encoding="UTF-8"?>
<!-- Generated by org.testng.reporters.JUnitReportReporter -->
<testsuite skipped="0" hostname="DESKTOP-JCEGEB0" name="com.finexus.tests.T24InputAndAuthorization" tests="1" failures="0" timestamp="2020-01-13T11:05:48 PKT" time="50.853" errors="0">
  <testcase name="testT24InputAndAuthorization" time="50.853" classname="com.finexus.tests.T24InputAndAuthorization"/>
</testsuite> <!-- com.finexus.tests.T24InputAndAuthorization -->
