<?xml version="1.0" encoding="UTF-8"?>
<!-- Generated by org.testng.reporters.JUnitReportReporter -->
<testsuite skipped="0" hostname="DESKTOP-JCEGEB0" name="com.finexus.tests.NewTestCase1" tests="1" failures="0" timestamp="2020-01-13T11:05:48 PKT" time="8.252" errors="0">
  <testcase name="testNewTestCase1" time="8.252" classname="com.finexus.tests.NewTestCase1"/>
</testsuite> <!-- com.finexus.tests.NewTestCase1 -->
